26 Jun 10:32:23 - [nodemon] v0.7.2
26 Jun 10:32:23 - [32m[nodemon] watching: /Users/senli/Work/family[0m
26 Jun 10:32:23 - [32m[nodemon] starting `node server.js`[0m
listening on port 8080
26 Jun 10:33:07 - [nodemon] exception in nodemon killing node
Error: write EPIPE
    at errnoException (net.js:863:11)
    at Object.afterWrite (net.js:680:19)
26 Jun 10:33:07 - [1;31m[nodemon] app crashed - waiting for file changes before starting...[0m
26 Jun 10:33:07 - [nodemon] exiting
26 Jun 10:33:26 - [nodemon] v0.7.2
26 Jun 10:33:26 - [32m[nodemon] watching: /Users/senli/Work/family[0m
26 Jun 10:33:26 - [32m[nodemon] starting `node server.js`[0m
listening on port 8080
26 Jun 10:36:27 - [nodemon] restarting due to changes...
26 Jun 10:36:27 - [nodemon] /Users/senli/Work/family/public/javascripts/plugins/jquery.togglelist.js


26 Jun 10:36:27 - [32m[nodemon] starting `node server.js`[0m
listening on port 8080
26 Jun 10:44:12 - [nodemon] restarting due to changes...
26 Jun 10:44:12 - [nodemon] /Users/senli/Work/family/public/javascripts/plugins/jquery.togglelist.js


26 Jun 10:44:12 - [32m[nodemon] starting `node server.js`[0m
listening on port 8080
26 Jun 10:47:19 - [nodemon] restarting due to changes...
26 Jun 10:47:19 - [nodemon] /Users/senli/Work/family/public/javascripts/plugins/jquery.togglelist.js


26 Jun 10:47:19 - [32m[nodemon] starting `node server.js`[0m
listening on port 8080
26 Jun 10:48:21 - [nodemon] restarting due to changes...
26 Jun 10:48:21 - [nodemon] /Users/senli/Work/family/public/javascripts/plugins/jquery.togglelist.js


26 Jun 10:48:21 - [32m[nodemon] starting `node server.js`[0m
listening on port 8080
26 Jun 10:48:32 - [nodemon] restarting due to changes...
26 Jun 10:48:32 - [nodemon] /Users/senli/Work/family/public/javascripts/plugins/jquery.togglelist.js


26 Jun 10:48:32 - [32m[nodemon] starting `node server.js`[0m
listening on port 8080
26 Jun 10:53:45 - [nodemon] restarting due to changes...
26 Jun 10:53:45 - [nodemon] /Users/senli/Work/family/public/javascripts/plugins/jquery.togglelist.js


26 Jun 10:53:45 - [32m[nodemon] starting `node server.js`[0m
listening on port 8080
26 Jun 10:54:26 - [nodemon] restarting due to changes...
26 Jun 10:54:26 - [nodemon] /Users/senli/Work/family/public/javascripts/plugins/jquery.togglelist.js


26 Jun 10:54:26 - [32m[nodemon] starting `node server.js`[0m
listening on port 8080
26 Jun 10:54:29 - [nodemon] restarting due to changes...
26 Jun 10:54:29 - [nodemon] /Users/senli/Work/family/public/javascripts/plugins/jquery.togglelist.js


26 Jun 10:54:29 - [32m[nodemon] starting `node server.js`[0m
listening on port 8080
26 Jun 10:55:54 - [nodemon] restarting due to changes...
26 Jun 10:55:54 - [nodemon] /Users/senli/Work/family/public/javascripts/plugins/jquery.togglelist.js


26 Jun 10:55:54 - [32m[nodemon] starting `node server.js`[0m
listening on port 8080
26 Jun 10:57:07 - [nodemon] restarting due to changes...
26 Jun 10:57:07 - [nodemon] /Users/senli/Work/family/public/javascripts/plugins/jquery.togglelist.js


26 Jun 10:57:07 - [32m[nodemon] starting `node server.js`[0m
listening on port 8080
26 Jun 10:58:09 - [nodemon] restarting due to changes...
26 Jun 10:58:09 - [nodemon] /Users/senli/Work/family/public/javascripts/plugins/jquery.togglelist.js


26 Jun 10:58:09 - [32m[nodemon] starting `node server.js`[0m
listening on port 8080
26 Jun 10:58:29 - [nodemon] restarting due to changes...
26 Jun 10:58:29 - [nodemon] /Users/senli/Work/family/public/javascripts/plugins/jquery.togglelist.js


26 Jun 10:58:29 - [32m[nodemon] starting `node server.js`[0m
listening on port 8080
26 Jun 12:09:15 - [nodemon] restarting due to changes...
26 Jun 12:09:15 - [nodemon] /Users/senli/Work/family/public/javascripts/_main.js


26 Jun 12:09:15 - [32m[nodemon] starting `node server.js`[0m
listening on port 8080
26 Jun 12:10:19 - [nodemon] restarting due to changes...
26 Jun 12:10:19 - [nodemon] /Users/senli/Work/family/public/javascripts/_main.js


26 Jun 12:10:19 - [32m[nodemon] starting `node server.js`[0m
listening on port 8080
26 Jun 12:11:14 - [nodemon] restarting due to changes...
26 Jun 12:11:14 - [nodemon] /Users/senli/Work/family/public/javascripts/_config.js


26 Jun 12:11:14 - [32m[nodemon] starting `node server.js`[0m
listening on port 8080
26 Jun 12:11:51 - [nodemon] restarting due to changes...
26 Jun 12:11:51 - [nodemon] /Users/senli/Work/family/public/javascripts/_config.js


26 Jun 12:11:51 - [32m[nodemon] starting `node server.js`[0m
listening on port 8080
26 Jun 15:20:03 - [nodemon] restarting due to changes...
26 Jun 15:20:03 - [nodemon] /Users/senli/Work/family/public/javascripts/plugins/jquery.togglelist.js


26 Jun 15:20:03 - [32m[nodemon] starting `node server.js`[0m
listening on port 8080
26 Jun 15:34:13 - [nodemon] restarting due to changes...
26 Jun 15:34:13 - [nodemon] /Users/senli/Work/family/public/javascripts/_main.js


26 Jun 15:34:13 - [32m[nodemon] starting `node server.js`[0m
listening on port 8080
26 Jun 15:34:17 - [nodemon] restarting due to changes...
26 Jun 15:34:17 - [nodemon] /Users/senli/Work/family/public/javascripts/_main.js


26 Jun 15:34:17 - [32m[nodemon] starting `node server.js`[0m
listening on port 8080
26 Jun 15:41:08 - [nodemon] restarting due to changes...
26 Jun 15:41:08 - [nodemon] /Users/senli/Work/family/public/javascripts/plugins/jquery.togglelist.js


26 Jun 15:41:08 - [32m[nodemon] starting `node server.js`[0m
listening on port 8080
26 Jun 15:41:17 - [nodemon] restarting due to changes...
26 Jun 15:41:17 - [nodemon] /Users/senli/Work/family/public/javascripts/plugins/jquery.togglelist.js


26 Jun 15:41:17 - [32m[nodemon] starting `node server.js`[0m
listening on port 8080
26 Jun 15:42:57 - [nodemon] restarting due to changes...
26 Jun 15:42:57 - [nodemon] /Users/senli/Work/family/public/javascripts/plugins/jquery.togglelist.js


26 Jun 15:42:57 - [32m[nodemon] starting `node server.js`[0m
listening on port 8080
26 Jun 15:43:31 - [nodemon] restarting due to changes...
26 Jun 15:43:31 - [nodemon] /Users/senli/Work/family/public/javascripts/plugins/jquery.togglelist.js


26 Jun 15:43:31 - [32m[nodemon] starting `node server.js`[0m
listening on port 8080
26 Jun 15:43:46 - [nodemon] restarting due to changes...
26 Jun 15:43:46 - [nodemon] /Users/senli/Work/family/public/javascripts/plugins/jquery.togglelist.js


26 Jun 15:43:46 - [32m[nodemon] starting `node server.js`[0m
listening on port 8080
26 Jun 15:44:56 - [nodemon] restarting due to changes...
26 Jun 15:44:56 - [nodemon] /Users/senli/Work/family/public/javascripts/plugins/jquery.togglelist.js


26 Jun 15:44:56 - [32m[nodemon] starting `node server.js`[0m
listening on port 8080
26 Jun 15:45:17 - [nodemon] restarting due to changes...
26 Jun 15:45:17 - [nodemon] /Users/senli/Work/family/public/javascripts/plugins/jquery.togglelist.js


26 Jun 15:45:17 - [32m[nodemon] starting `node server.js`[0m
listening on port 8080
26 Jun 15:45:45 - [nodemon] restarting due to changes...
26 Jun 15:45:45 - [nodemon] /Users/senli/Work/family/public/javascripts/_main.js


26 Jun 15:45:45 - [32m[nodemon] starting `node server.js`[0m
listening on port 8080
26 Jun 15:46:12 - [nodemon] restarting due to changes...
26 Jun 15:46:12 - [nodemon] /Users/senli/Work/family/public/javascripts/plugins/jquery.togglelist.js


26 Jun 15:46:12 - [32m[nodemon] starting `node server.js`[0m
listening on port 8080
26 Jun 15:46:16 - [nodemon] restarting due to changes...
26 Jun 15:46:16 - [nodemon] /Users/senli/Work/family/public/javascripts/plugins/jquery.togglelist.js


26 Jun 15:46:16 - [32m[nodemon] starting `node server.js`[0m
listening on port 8080
26 Jun 15:47:11 - [nodemon] restarting due to changes...
26 Jun 15:47:11 - [nodemon] /Users/senli/Work/family/public/javascripts/plugins/jquery.togglelist.js


26 Jun 15:47:11 - [32m[nodemon] starting `node server.js`[0m
listening on port 8080
26 Jun 15:47:32 - [nodemon] restarting due to changes...
26 Jun 15:47:32 - [nodemon] /Users/senli/Work/family/public/javascripts/plugins/jquery.togglelist.js


26 Jun 15:47:32 - [32m[nodemon] starting `node server.js`[0m
listening on port 8080
26 Jun 15:48:48 - [nodemon] restarting due to changes...
26 Jun 15:48:48 - [nodemon] /Users/senli/Work/family/public/javascripts/plugins/jquery.togglelist.js


26 Jun 15:48:48 - [32m[nodemon] starting `node server.js`[0m
listening on port 8080
26 Jun 15:53:21 - [nodemon] restarting due to changes...
26 Jun 15:53:21 - [nodemon] /Users/senli/Work/family/public/javascripts/plugins/jquery.togglelist.js


26 Jun 15:53:21 - [32m[nodemon] starting `node server.js`[0m
listening on port 8080
26 Jun 15:54:06 - [nodemon] restarting due to changes...
26 Jun 15:54:06 - [nodemon] /Users/senli/Work/family/public/javascripts/plugins/jquery.togglelist.js


26 Jun 15:54:06 - [32m[nodemon] starting `node server.js`[0m
listening on port 8080
26 Jun 15:55:26 - [nodemon] restarting due to changes...
26 Jun 15:55:26 - [nodemon] /Users/senli/Work/family/public/javascripts/plugins/jquery.togglelist.js


26 Jun 15:55:26 - [32m[nodemon] starting `node server.js`[0m
listening on port 8080
26 Jun 15:56:27 - [nodemon] restarting due to changes...
26 Jun 15:56:27 - [nodemon] /Users/senli/Work/family/public/javascripts/plugins/jquery.togglelist.js


26 Jun 15:56:27 - [32m[nodemon] starting `node server.js`[0m
listening on port 8080
26 Jun 15:57:07 - [nodemon] restarting due to changes...
26 Jun 15:57:07 - [nodemon] /Users/senli/Work/family/public/javascripts/plugins/jquery.togglelist.js


26 Jun 15:57:07 - [32m[nodemon] starting `node server.js`[0m
listening on port 8080
26 Jun 15:57:10 - [nodemon] restarting due to changes...
26 Jun 15:57:10 - [nodemon] /Users/senli/Work/family/public/javascripts/plugins/jquery.togglelist.js


26 Jun 15:57:10 - [32m[nodemon] starting `node server.js`[0m
listening on port 8080
26 Jun 16:02:30 - [nodemon] restarting due to changes...
26 Jun 16:02:30 - [nodemon] /Users/senli/Work/family/public/javascripts/plugins/jquery.togglelist.js


26 Jun 16:02:30 - [32m[nodemon] starting `node server.js`[0m
listening on port 8080
26 Jun 16:02:51 - [nodemon] restarting due to changes...
26 Jun 16:02:51 - [nodemon] /Users/senli/Work/family/public/javascripts/plugins/jquery.togglelist.js


26 Jun 16:02:51 - [32m[nodemon] starting `node server.js`[0m
listening on port 8080
26 Jun 16:07:43 - [nodemon] restarting due to changes...
26 Jun 16:07:43 - [nodemon] /Users/senli/Work/family/public/javascripts/plugins/jquery.togglelist.js


26 Jun 16:07:43 - [32m[nodemon] starting `node server.js`[0m
listening on port 8080
26 Jun 16:24:25 - [nodemon] restarting due to changes...
26 Jun 16:24:25 - [nodemon] /Users/senli/Work/family/public/javascripts/plugins/jquery.togglelist.js


26 Jun 16:24:25 - [32m[nodemon] starting `node server.js`[0m
listening on port 8080
26 Jun 16:25:29 - [nodemon] restarting due to changes...
26 Jun 16:25:29 - [nodemon] /Users/senli/Work/family/public/javascripts/plugins/jquery.togglelist.js


26 Jun 16:25:29 - [32m[nodemon] starting `node server.js`[0m
listening on port 8080
26 Jun 16:30:42 - [nodemon] restarting due to changes...
26 Jun 16:30:42 - [nodemon] /Users/senli/Work/family/public/javascripts/_main.js


26 Jun 16:30:42 - [32m[nodemon] starting `node server.js`[0m
listening on port 8080
26 Jun 16:33:01 - [nodemon] restarting due to changes...
26 Jun 16:33:01 - [nodemon] /Users/senli/Work/family/public/javascripts/plugins/jquery.togglelist.js


26 Jun 16:33:01 - [32m[nodemon] starting `node server.js`[0m
listening on port 8080
26 Jun 16:33:07 - [nodemon] restarting due to changes...
26 Jun 16:33:07 - [nodemon] /Users/senli/Work/family/public/javascripts/plugins/jquery.togglelist.js


26 Jun 16:33:07 - [32m[nodemon] starting `node server.js`[0m
listening on port 8080
26 Jun 16:33:59 - [nodemon] restarting due to changes...
26 Jun 16:33:59 - [nodemon] /Users/senli/Work/family/public/javascripts/plugins/jquery.togglelist.js


26 Jun 16:33:59 - [32m[nodemon] starting `node server.js`[0m
listening on port 8080
26 Jun 16:34:10 - [nodemon] restarting due to changes...
26 Jun 16:34:10 - [nodemon] /Users/senli/Work/family/public/javascripts/plugins/jquery.togglelist.js


26 Jun 16:34:10 - [32m[nodemon] starting `node server.js`[0m
listening on port 8080
26 Jun 16:34:19 - [nodemon] restarting due to changes...
26 Jun 16:34:19 - [nodemon] /Users/senli/Work/family/public/javascripts/plugins/jquery.togglelist.js


26 Jun 16:34:19 - [32m[nodemon] starting `node server.js`[0m
listening on port 8080
26 Jun 16:34:57 - [nodemon] restarting due to changes...
26 Jun 16:34:57 - [nodemon] /Users/senli/Work/family/public/javascripts/plugins/jquery.togglelist.js


26 Jun 16:34:57 - [32m[nodemon] starting `node server.js`[0m
listening on port 8080
26 Jun 16:35:34 - [nodemon] restarting due to changes...
26 Jun 16:35:34 - [nodemon] /Users/senli/Work/family/public/javascripts/plugins/jquery.togglelist.js


26 Jun 16:35:34 - [32m[nodemon] starting `node server.js`[0m
listening on port 8080
26 Jun 16:36:02 - [nodemon] restarting due to changes...
26 Jun 16:36:02 - [nodemon] /Users/senli/Work/family/public/javascripts/plugins/jquery.togglelist.js


26 Jun 16:36:02 - [32m[nodemon] starting `node server.js`[0m
listening on port 8080
26 Jun 16:37:09 - [nodemon] restarting due to changes...
26 Jun 16:37:09 - [nodemon] /Users/senli/Work/family/public/javascripts/plugins/jquery.togglelist.js


26 Jun 16:37:09 - [32m[nodemon] starting `node server.js`[0m
listening on port 8080
26 Jun 16:37:26 - [nodemon] restarting due to changes...
26 Jun 16:37:26 - [nodemon] /Users/senli/Work/family/public/javascripts/plugins/jquery.togglelist.js


26 Jun 16:37:26 - [32m[nodemon] starting `node server.js`[0m
listening on port 8080
26 Jun 17:07:07 - [nodemon] restarting due to changes...
26 Jun 17:07:07 - [nodemon] /Users/senli/Work/family/public/javascripts/plugins/jquery.togglelist.js


26 Jun 17:07:07 - [32m[nodemon] starting `node server.js`[0m
listening on port 8080
26 Jun 17:09:05 - [nodemon] restarting due to changes...
26 Jun 17:09:05 - [nodemon] /Users/senli/Work/family/public/javascripts/plugins/jquery.togglelist.js


26 Jun 17:09:05 - [32m[nodemon] starting `node server.js`[0m
listening on port 8080
26 Jun 17:09:18 - [nodemon] restarting due to changes...
26 Jun 17:09:18 - [nodemon] /Users/senli/Work/family/public/javascripts/plugins/jquery.togglelist.js


26 Jun 17:09:18 - [32m[nodemon] starting `node server.js`[0m
listening on port 8080
26 Jun 17:10:05 - [nodemon] restarting due to changes...
26 Jun 17:10:05 - [nodemon] /Users/senli/Work/family/public/javascripts/plugins/jquery.togglelist.js


26 Jun 17:10:05 - [32m[nodemon] starting `node server.js`[0m
listening on port 8080
26 Jun 17:14:43 - [nodemon] restarting due to changes...
26 Jun 17:14:43 - [nodemon] /Users/senli/Work/family/public/javascripts/plugins/jquery.togglelist.js


26 Jun 17:14:43 - [32m[nodemon] starting `node server.js`[0m
listening on port 8080
26 Jun 17:15:02 - [nodemon] restarting due to changes...
26 Jun 17:15:02 - [nodemon] /Users/senli/Work/family/public/javascripts/plugins/jquery.togglelist.js


26 Jun 17:15:02 - [32m[nodemon] starting `node server.js`[0m
listening on port 8080
26 Jun 17:16:51 - [nodemon] restarting due to changes...
26 Jun 17:16:51 - [nodemon] /Users/senli/Work/family/public/javascripts/plugins/jquery.togglelist.js


26 Jun 17:16:51 - [32m[nodemon] starting `node server.js`[0m
listening on port 8080
26 Jun 17:47:04 - [nodemon] restarting due to changes...
26 Jun 17:47:04 - [nodemon] /Users/senli/Work/family/public/javascripts/_main.js


26 Jun 17:47:04 - [32m[nodemon] starting `node server.js`[0m
listening on port 8080
26 Jun 17:47:33 - [nodemon] restarting due to changes...
26 Jun 17:47:33 - [nodemon] /Users/senli/Work/family/public/javascripts/_main.js


26 Jun 17:47:33 - [32m[nodemon] starting `node server.js`[0m
listening on port 8080
26 Jun 17:48:11 - [nodemon] restarting due to changes...
26 Jun 17:48:11 - [nodemon] /Users/senli/Work/family/public/javascripts/_main.js


26 Jun 17:48:11 - [32m[nodemon] starting `node server.js`[0m
listening on port 8080
26 Jun 17:49:11 - [nodemon] restarting due to changes...
26 Jun 17:49:11 - [nodemon] /Users/senli/Work/family/public/javascripts/plugins/jquery.togglelist.js


26 Jun 17:49:11 - [32m[nodemon] starting `node server.js`[0m
listening on port 8080
26 Jun 17:49:20 - [nodemon] restarting due to changes...
26 Jun 17:49:20 - [nodemon] /Users/senli/Work/family/public/javascripts/plugins/jquery.togglelist.js


26 Jun 17:49:20 - [32m[nodemon] starting `node server.js`[0m
listening on port 8080
26 Jun 17:49:38 - [nodemon] restarting due to changes...
26 Jun 17:49:38 - [nodemon] /Users/senli/Work/family/public/javascripts/plugins/jquery.togglelist.js


26 Jun 17:49:38 - [32m[nodemon] starting `node server.js`[0m
listening on port 8080
26 Jun 17:50:18 - [nodemon] restarting due to changes...
26 Jun 17:50:18 - [nodemon] /Users/senli/Work/family/public/javascripts/_main.js


26 Jun 17:50:18 - [32m[nodemon] starting `node server.js`[0m
listening on port 8080
26 Jun 17:51:11 - [nodemon] restarting due to changes...
26 Jun 17:51:11 - [nodemon] /Users/senli/Work/family/public/javascripts/plugins/jquery.togglelist.js


26 Jun 17:51:11 - [32m[nodemon] starting `node server.js`[0m
listening on port 8080
26 Jun 17:52:12 - [nodemon] restarting due to changes...
26 Jun 17:52:12 - [nodemon] /Users/senli/Work/family/public/javascripts/plugins/jquery.togglelist.js


26 Jun 17:52:12 - [32m[nodemon] starting `node server.js`[0m
listening on port 8080
26 Jun 17:54:11 - [nodemon] restarting due to changes...
26 Jun 17:54:11 - [nodemon] /Users/senli/Work/family/public/javascripts/plugins/jquery.togglelist.js


26 Jun 17:54:11 - [32m[nodemon] starting `node server.js`[0m
listening on port 8080
26 Jun 17:55:29 - [nodemon] restarting due to changes...
26 Jun 17:55:29 - [nodemon] /Users/senli/Work/family/public/javascripts/plugins/jquery.togglelist.js


26 Jun 17:55:29 - [32m[nodemon] starting `node server.js`[0m
listening on port 8080
26 Jun 17:55:35 - [nodemon] restarting due to changes...
26 Jun 17:55:35 - [nodemon] /Users/senli/Work/family/public/javascripts/plugins/jquery.togglelist.js


26 Jun 17:55:35 - [32m[nodemon] starting `node server.js`[0m
listening on port 8080
26 Jun 17:57:09 - [nodemon] restarting due to changes...
26 Jun 17:57:09 - [nodemon] /Users/senli/Work/family/public/javascripts/plugins/jquery.togglelist.js


26 Jun 17:57:09 - [32m[nodemon] starting `node server.js`[0m
listening on port 8080
26 Jun 17:57:20 - [nodemon] restarting due to changes...
26 Jun 17:57:20 - [nodemon] /Users/senli/Work/family/public/javascripts/plugins/jquery.togglelist.js


26 Jun 17:57:20 - [32m[nodemon] starting `node server.js`[0m
listening on port 8080
26 Jun 18:02:50 - [nodemon] restarting due to changes...
26 Jun 18:02:50 - [nodemon] /Users/senli/Work/family/public/javascripts/plugins/jquery.togglelist.js


26 Jun 18:02:50 - [32m[nodemon] starting `node server.js`[0m
listening on port 8080
26 Jun 18:07:11 - [nodemon] restarting due to changes...
26 Jun 18:07:11 - [nodemon] /Users/senli/Work/family/public/javascripts/plugins/jquery.togglelist.js


26 Jun 18:07:11 - [32m[nodemon] starting `node server.js`[0m
listening on port 8080
26 Jun 18:09:15 - [nodemon] restarting due to changes...
26 Jun 18:09:15 - [nodemon] /Users/senli/Work/family/public/javascripts/plugins/jquery.togglelist.js


26 Jun 18:09:15 - [32m[nodemon] starting `node server.js`[0m
listening on port 8080
26 Jun 18:10:13 - [nodemon] restarting due to changes...
26 Jun 18:10:13 - [nodemon] /Users/senli/Work/family/public/javascripts/plugins/jquery.togglelist.js


26 Jun 18:10:13 - [32m[nodemon] starting `node server.js`[0m
listening on port 8080
26 Jun 18:10:34 - [nodemon] restarting due to changes...
26 Jun 18:10:34 - [nodemon] /Users/senli/Work/family/public/javascripts/plugins/jquery.togglelist.js


26 Jun 18:10:34 - [32m[nodemon] starting `node server.js`[0m
listening on port 8080
26 Jun 18:10:59 - [nodemon] restarting due to changes...
26 Jun 18:10:59 - [nodemon] /Users/senli/Work/family/public/javascripts/plugins/jquery.togglelist.js


26 Jun 18:10:59 - [32m[nodemon] starting `node server.js`[0m
listening on port 8080
26 Jun 18:12:25 - [nodemon] restarting due to changes...
26 Jun 18:12:25 - [nodemon] /Users/senli/Work/family/public/javascripts/plugins/jquery.togglelist.js


26 Jun 18:12:25 - [32m[nodemon] starting `node server.js`[0m
listening on port 8080
26 Jun 18:12:44 - [nodemon] restarting due to changes...
26 Jun 18:12:44 - [nodemon] /Users/senli/Work/family/public/javascripts/plugins/jquery.togglelist.js


26 Jun 18:12:44 - [32m[nodemon] starting `node server.js`[0m
listening on port 8080
26 Jun 18:13:03 - [nodemon] restarting due to changes...
26 Jun 18:13:03 - [nodemon] /Users/senli/Work/family/public/javascripts/plugins/jquery.togglelist.js


26 Jun 18:13:03 - [32m[nodemon] starting `node server.js`[0m
listening on port 8080
26 Jun 18:13:28 - [nodemon] restarting due to changes...
26 Jun 18:13:28 - [nodemon] /Users/senli/Work/family/public/javascripts/plugins/jquery.togglelist.js


26 Jun 18:13:28 - [32m[nodemon] starting `node server.js`[0m
listening on port 8080
26 Jun 18:14:11 - [nodemon] restarting due to changes...
26 Jun 18:14:11 - [nodemon] /Users/senli/Work/family/public/javascripts/plugins/jquery.togglelist.js


26 Jun 18:14:11 - [32m[nodemon] starting `node server.js`[0m
listening on port 8080
26 Jun 18:14:28 - [nodemon] restarting due to changes...
26 Jun 18:14:28 - [nodemon] /Users/senli/Work/family/public/javascripts/plugins/jquery.togglelist.js


26 Jun 18:14:28 - [32m[nodemon] starting `node server.js`[0m
listening on port 8080
26 Jun 18:14:44 - [nodemon] restarting due to changes...
26 Jun 18:14:44 - [nodemon] /Users/senli/Work/family/public/javascripts/plugins/jquery.togglelist.js


26 Jun 18:14:44 - [32m[nodemon] starting `node server.js`[0m
listening on port 8080
26 Jun 18:15:01 - [nodemon] restarting due to changes...
26 Jun 18:15:01 - [nodemon] /Users/senli/Work/family/public/javascripts/plugins/jquery.togglelist.js


26 Jun 18:15:01 - [32m[nodemon] starting `node server.js`[0m
listening on port 8080
26 Jun 18:15:49 - [nodemon] restarting due to changes...
26 Jun 18:15:49 - [nodemon] /Users/senli/Work/family/public/javascripts/plugins/jquery.togglelist.js


26 Jun 18:15:49 - [32m[nodemon] starting `node server.js`[0m
listening on port 8080
26 Jun 18:16:14 - [nodemon] restarting due to changes...
26 Jun 18:16:14 - [nodemon] /Users/senli/Work/family/public/javascripts/plugins/jquery.togglelist.js


26 Jun 18:16:14 - [32m[nodemon] starting `node server.js`[0m
listening on port 8080
26 Jun 18:16:34 - [nodemon] restarting due to changes...
26 Jun 18:16:34 - [nodemon] /Users/senli/Work/family/public/javascripts/plugins/jquery.togglelist.js


26 Jun 18:16:34 - [32m[nodemon] starting `node server.js`[0m
listening on port 8080
26 Jun 18:17:54 - [nodemon] restarting due to changes...
26 Jun 18:17:54 - [nodemon] /Users/senli/Work/family/public/javascripts/plugins/jquery.togglelist.js


26 Jun 18:17:54 - [32m[nodemon] starting `node server.js`[0m
listening on port 8080
26 Jun 18:18:40 - [nodemon] restarting due to changes...
26 Jun 18:18:40 - [nodemon] /Users/senli/Work/family/public/javascripts/plugins/jquery.togglelist.js


26 Jun 18:18:40 - [32m[nodemon] starting `node server.js`[0m
listening on port 8080
26 Jun 18:19:17 - [nodemon] restarting due to changes...
26 Jun 18:19:17 - [nodemon] /Users/senli/Work/family/public/javascripts/plugins/jquery.togglelist.js


26 Jun 18:19:17 - [32m[nodemon] starting `node server.js`[0m
listening on port 8080
26 Jun 18:19:44 - [nodemon] restarting due to changes...
26 Jun 18:19:44 - [nodemon] /Users/senli/Work/family/public/javascripts/plugins/jquery.togglelist.js


26 Jun 18:19:44 - [32m[nodemon] starting `node server.js`[0m
listening on port 8080
26 Jun 18:19:57 - [nodemon] restarting due to changes...
26 Jun 18:19:57 - [nodemon] /Users/senli/Work/family/public/javascripts/plugins/jquery.togglelist.js


26 Jun 18:19:57 - [32m[nodemon] starting `node server.js`[0m
listening on port 8080
26 Jun 18:20:46 - [nodemon] restarting due to changes...
26 Jun 18:20:46 - [nodemon] /Users/senli/Work/family/public/javascripts/plugins/jquery.togglelist.js


26 Jun 18:20:46 - [32m[nodemon] starting `node server.js`[0m
listening on port 8080
26 Jun 18:21:40 - [nodemon] restarting due to changes...
26 Jun 18:21:40 - [nodemon] /Users/senli/Work/family/public/javascripts/plugins/jquery.togglelist.js


26 Jun 18:21:40 - [32m[nodemon] starting `node server.js`[0m
listening on port 8080
26 Jun 18:22:19 - [nodemon] restarting due to changes...
26 Jun 18:22:19 - [nodemon] /Users/senli/Work/family/public/javascripts/plugins/jquery.togglelist.js


26 Jun 18:22:19 - [32m[nodemon] starting `node server.js`[0m
listening on port 8080
26 Jun 18:22:45 - [nodemon] restarting due to changes...
26 Jun 18:22:45 - [nodemon] /Users/senli/Work/family/public/javascripts/plugins/jquery.togglelist.js


26 Jun 18:22:45 - [32m[nodemon] starting `node server.js`[0m
listening on port 8080
26 Jun 18:24:09 - [nodemon] restarting due to changes...
26 Jun 18:24:09 - [nodemon] /Users/senli/Work/family/public/javascripts/plugins/jquery.togglelist.js


26 Jun 18:24:09 - [32m[nodemon] starting `node server.js`[0m
listening on port 8080
26 Jun 18:24:34 - [nodemon] restarting due to changes...
26 Jun 18:24:34 - [nodemon] /Users/senli/Work/family/public/javascripts/plugins/jquery.togglelist.js


26 Jun 18:24:34 - [32m[nodemon] starting `node server.js`[0m
listening on port 8080
26 Jun 18:25:43 - [nodemon] restarting due to changes...
26 Jun 18:25:43 - [nodemon] /Users/senli/Work/family/public/javascripts/plugins/jquery.togglelist.js


26 Jun 18:25:43 - [32m[nodemon] starting `node server.js`[0m
listening on port 8080
26 Jun 18:47:04 - [nodemon] restarting due to changes...
26 Jun 18:47:04 - [nodemon] /Users/senli/Work/family/public/javascripts/plugins/jquery.togglelist.js


26 Jun 18:47:04 - [32m[nodemon] starting `node server.js`[0m
listening on port 8080
26 Jun 18:47:44 - [nodemon] restarting due to changes...
26 Jun 18:47:44 - [nodemon] /Users/senli/Work/family/public/javascripts/plugins/jquery.togglelist.js


26 Jun 18:47:44 - [32m[nodemon] starting `node server.js`[0m
listening on port 8080
26 Jun 18:48:10 - [nodemon] restarting due to changes...
26 Jun 18:48:10 - [nodemon] /Users/senli/Work/family/public/javascripts/plugins/jquery.togglelist.js


26 Jun 18:48:10 - [32m[nodemon] starting `node server.js`[0m
listening on port 8080
26 Jun 18:48:51 - [nodemon] restarting due to changes...
26 Jun 18:48:51 - [nodemon] /Users/senli/Work/family/public/javascripts/plugins/jquery.togglelist.js


26 Jun 18:48:51 - [32m[nodemon] starting `node server.js`[0m
listening on port 8080
26 Jun 19:05:13 - [nodemon] exiting
27 Jun 09:55:47 - [nodemon] v0.7.2
27 Jun 09:55:47 - [32m[nodemon] watching: /Users/senli/Work/family[0m
27 Jun 09:55:47 - [32m[nodemon] starting `node server.js`[0m
listening on port 8080
27 Jun 19:21:43 - [nodemon] exception in nodemon killing node
Error: write EPIPE
    at errnoException (net.js:863:11)
    at Object.afterWrite (net.js:680:19)
27 Jun 19:21:43 - [1;31m[nodemon] app crashed - waiting for file changes before starting...[0m
27 Jun 19:21:43 - [nodemon] exiting
28 Jun 09:35:19 - [nodemon] v0.7.2
28 Jun 09:35:19 - [32m[nodemon] watching: /Users/senli/Work/family[0m
28 Jun 09:35:19 - [32m[nodemon] starting `node server.js`[0m
listening on port 8080
28 Jun 09:53:43 - [nodemon] restarting due to changes...
28 Jun 09:53:43 - [nodemon] /Users/senli/Work/family/public/javascripts/plugins/jquery.togglelist.js


28 Jun 09:53:43 - [32m[nodemon] starting `node server.js`[0m
listening on port 8080
28 Jun 09:57:26 - [nodemon] restarting due to changes...
28 Jun 09:57:26 - [nodemon] /Users/senli/Work/family/public/javascripts/plugins/jquery.togglelist.js


28 Jun 09:57:26 - [32m[nodemon] starting `node server.js`[0m
listening on port 8080
28 Jun 09:58:41 - [nodemon] restarting due to changes...
28 Jun 09:58:41 - [nodemon] /Users/senli/Work/family/public/javascripts/plugins/jquery.togglelist.js


28 Jun 09:58:41 - [32m[nodemon] starting `node server.js`[0m
listening on port 8080
28 Jun 10:01:04 - [nodemon] restarting due to changes...
28 Jun 10:01:04 - [nodemon] /Users/senli/Work/family/public/javascripts/plugins/jquery.togglelist.js


28 Jun 10:01:04 - [32m[nodemon] starting `node server.js`[0m
listening on port 8080
28 Jun 10:05:19 - [nodemon] restarting due to changes...
28 Jun 10:05:19 - [nodemon] /Users/senli/Work/family/public/javascripts/plugins/jquery.togglelist.js


28 Jun 10:05:19 - [32m[nodemon] starting `node server.js`[0m
listening on port 8080
28 Jun 10:05:26 - [nodemon] restarting due to changes...
28 Jun 10:05:26 - [nodemon] /Users/senli/Work/family/public/javascripts/plugins/jquery.togglelist.js


28 Jun 10:05:26 - [32m[nodemon] starting `node server.js`[0m
listening on port 8080
28 Jun 10:05:32 - [nodemon] restarting due to changes...
28 Jun 10:05:32 - [nodemon] /Users/senli/Work/family/public/javascripts/plugins/jquery.togglelist.js


28 Jun 10:05:32 - [32m[nodemon] starting `node server.js`[0m
listening on port 8080
28 Jun 10:06:12 - [nodemon] restarting due to changes...
28 Jun 10:06:12 - [nodemon] /Users/senli/Work/family/public/javascripts/plugins/jquery.togglelist.js


28 Jun 10:06:12 - [32m[nodemon] starting `node server.js`[0m
listening on port 8080
28 Jun 10:09:29 - [nodemon] restarting due to changes...
28 Jun 10:09:29 - [nodemon] /Users/senli/Work/family/public/javascripts/plugins/jquery.togglelist.js


28 Jun 10:09:29 - [32m[nodemon] starting `node server.js`[0m
listening on port 8080
28 Jun 10:09:41 - [nodemon] restarting due to changes...
28 Jun 10:09:41 - [nodemon] /Users/senli/Work/family/public/javascripts/plugins/jquery.togglelist.js


28 Jun 10:09:41 - [32m[nodemon] starting `node server.js`[0m
listening on port 8080
28 Jun 10:10:13 - [nodemon] restarting due to changes...
28 Jun 10:10:13 - [nodemon] /Users/senli/Work/family/public/javascripts/plugins/jquery.togglelist.js


28 Jun 10:10:13 - [32m[nodemon] starting `node server.js`[0m
listening on port 8080
28 Jun 10:10:33 - [nodemon] restarting due to changes...
28 Jun 10:10:33 - [nodemon] /Users/senli/Work/family/public/javascripts/plugins/jquery.togglelist.js


28 Jun 10:10:33 - [32m[nodemon] starting `node server.js`[0m
listening on port 8080
28 Jun 10:11:02 - [nodemon] restarting due to changes...
28 Jun 10:11:02 - [nodemon] /Users/senli/Work/family/public/javascripts/plugins/jquery.togglelist.js


28 Jun 10:11:02 - [32m[nodemon] starting `node server.js`[0m
listening on port 8080
28 Jun 10:12:18 - [nodemon] restarting due to changes...
28 Jun 10:12:18 - [nodemon] /Users/senli/Work/family/public/javascripts/plugins/jquery.togglelist.js


28 Jun 10:12:18 - [32m[nodemon] starting `node server.js`[0m
listening on port 8080
28 Jun 10:14:58 - [nodemon] restarting due to changes...
28 Jun 10:14:58 - [nodemon] /Users/senli/Work/family/public/javascripts/plugins/jquery.togglelist.js


28 Jun 10:14:58 - [32m[nodemon] starting `node server.js`[0m
listening on port 8080
28 Jun 10:15:10 - [nodemon] restarting due to changes...
28 Jun 10:15:10 - [nodemon] /Users/senli/Work/family/public/javascripts/plugins/jquery.togglelist.js


28 Jun 10:15:10 - [32m[nodemon] starting `node server.js`[0m
listening on port 8080
28 Jun 10:16:30 - [nodemon] restarting due to changes...
28 Jun 10:16:30 - [nodemon] /Users/senli/Work/family/public/javascripts/plugins/jquery.togglelist.js


28 Jun 10:16:30 - [32m[nodemon] starting `node server.js`[0m
listening on port 8080
28 Jun 10:18:28 - [nodemon] restarting due to changes...
28 Jun 10:18:28 - [nodemon] /Users/senli/Work/family/public/javascripts/plugins/jquery.togglelist.js


28 Jun 10:18:28 - [32m[nodemon] starting `node server.js`[0m
listening on port 8080
28 Jun 10:18:46 - [nodemon] restarting due to changes...
28 Jun 10:18:46 - [nodemon] /Users/senli/Work/family/public/javascripts/plugins/jquery.togglelist.js


28 Jun 10:18:46 - [32m[nodemon] starting `node server.js`[0m
listening on port 8080
28 Jun 10:19:06 - [nodemon] restarting due to changes...
28 Jun 10:19:06 - [nodemon] /Users/senli/Work/family/public/javascripts/plugins/jquery.togglelist.js


28 Jun 10:19:06 - [32m[nodemon] starting `node server.js`[0m
listening on port 8080
28 Jun 10:19:25 - [nodemon] restarting due to changes...
28 Jun 10:19:25 - [nodemon] /Users/senli/Work/family/public/javascripts/plugins/jquery.togglelist.js


28 Jun 10:19:25 - [32m[nodemon] starting `node server.js`[0m
listening on port 8080
28 Jun 10:20:00 - [nodemon] restarting due to changes...
28 Jun 10:20:00 - [nodemon] /Users/senli/Work/family/public/javascripts/plugins/jquery.togglelist.js


28 Jun 10:20:00 - [32m[nodemon] starting `node server.js`[0m
listening on port 8080
28 Jun 10:23:40 - [nodemon] restarting due to changes...
28 Jun 10:23:40 - [nodemon] /Users/senli/Work/family/public/javascripts/plugins/jquery.togglelist.js


28 Jun 10:23:40 - [32m[nodemon] starting `node server.js`[0m
listening on port 8080
28 Jun 10:28:15 - [nodemon] restarting due to changes...
28 Jun 10:28:15 - [nodemon] /Users/senli/Work/family/public/javascripts/plugins/jquery.togglelist.js


28 Jun 10:28:15 - [32m[nodemon] starting `node server.js`[0m
listening on port 8080
28 Jun 10:32:58 - [nodemon] restarting due to changes...
28 Jun 10:32:58 - [nodemon] /Users/senli/Work/family/public/javascripts/plugins/jquery.togglelist.js


28 Jun 10:32:58 - [32m[nodemon] starting `node server.js`[0m
listening on port 8080
28 Jun 10:33:05 - [nodemon] restarting due to changes...
28 Jun 10:33:05 - [nodemon] /Users/senli/Work/family/public/javascripts/plugins/jquery.togglelist.js


28 Jun 10:33:05 - [32m[nodemon] starting `node server.js`[0m
listening on port 8080
28 Jun 10:34:38 - [nodemon] restarting due to changes...
28 Jun 10:34:38 - [nodemon] /Users/senli/Work/family/public/javascripts/plugins/jquery.togglelist.js


28 Jun 10:34:38 - [32m[nodemon] starting `node server.js`[0m
listening on port 8080
28 Jun 10:34:47 - [nodemon] restarting due to changes...
28 Jun 10:34:47 - [nodemon] /Users/senli/Work/family/public/javascripts/plugins/jquery.togglelist.js


28 Jun 10:34:47 - [32m[nodemon] starting `node server.js`[0m
listening on port 8080
28 Jun 10:34:59 - [nodemon] restarting due to changes...
28 Jun 10:34:59 - [nodemon] /Users/senli/Work/family/public/javascripts/plugins/jquery.togglelist.js


28 Jun 10:34:59 - [32m[nodemon] starting `node server.js`[0m
listening on port 8080
28 Jun 10:35:56 - [nodemon] restarting due to changes...
28 Jun 10:35:56 - [nodemon] /Users/senli/Work/family/public/javascripts/plugins/jquery.togglelist.js


28 Jun 10:35:56 - [32m[nodemon] starting `node server.js`[0m
listening on port 8080
28 Jun 10:38:25 - [nodemon] restarting due to changes...
28 Jun 10:38:25 - [nodemon] /Users/senli/Work/family/public/javascripts/plugins/jquery.togglelist.js


28 Jun 10:38:25 - [32m[nodemon] starting `node server.js`[0m
listening on port 8080
28 Jun 10:39:30 - [nodemon] restarting due to changes...
28 Jun 10:39:30 - [nodemon] /Users/senli/Work/family/public/javascripts/plugins/jquery.togglelist.js


28 Jun 10:39:30 - [32m[nodemon] starting `node server.js`[0m
listening on port 8080
28 Jun 10:39:56 - [nodemon] restarting due to changes...
28 Jun 10:39:56 - [nodemon] /Users/senli/Work/family/public/javascripts/plugins/jquery.togglelist.js


28 Jun 10:39:56 - [32m[nodemon] starting `node server.js`[0m
listening on port 8080
28 Jun 10:41:30 - [nodemon] restarting due to changes...
28 Jun 10:41:30 - [nodemon] /Users/senli/Work/family/public/javascripts/plugins/jquery.togglelist.js


28 Jun 10:41:30 - [32m[nodemon] starting `node server.js`[0m
listening on port 8080
28 Jun 10:42:17 - [nodemon] restarting due to changes...
28 Jun 10:42:17 - [nodemon] /Users/senli/Work/family/public/javascripts/plugins/jquery.togglelist.js


28 Jun 10:42:17 - [32m[nodemon] starting `node server.js`[0m
listening on port 8080
28 Jun 10:45:19 - [nodemon] restarting due to changes...
28 Jun 10:45:19 - [nodemon] /Users/senli/Work/family/public/javascripts/plugins/jquery.togglelist.js


28 Jun 10:45:19 - [32m[nodemon] starting `node server.js`[0m
listening on port 8080
28 Jun 10:46:11 - [nodemon] restarting due to changes...
28 Jun 10:46:11 - [nodemon] /Users/senli/Work/family/public/javascripts/plugins/jquery.togglelist.js


28 Jun 10:46:11 - [32m[nodemon] starting `node server.js`[0m
listening on port 8080
28 Jun 10:48:25 - [nodemon] restarting due to changes...
28 Jun 10:48:25 - [nodemon] /Users/senli/Work/family/public/javascripts/plugins/jquery.togglelist.js


28 Jun 10:48:25 - [32m[nodemon] starting `node server.js`[0m
listening on port 8080
28 Jun 10:48:43 - [nodemon] restarting due to changes...
28 Jun 10:48:43 - [nodemon] /Users/senli/Work/family/public/javascripts/plugins/jquery.togglelist.js


28 Jun 10:48:43 - [32m[nodemon] starting `node server.js`[0m
listening on port 8080
28 Jun 10:48:58 - [nodemon] restarting due to changes...
28 Jun 10:48:58 - [nodemon] /Users/senli/Work/family/public/javascripts/plugins/jquery.togglelist.js


28 Jun 10:48:58 - [32m[nodemon] starting `node server.js`[0m
listening on port 8080
28 Jun 10:52:19 - [nodemon] restarting due to changes...
28 Jun 10:52:19 - [nodemon] /Users/senli/Work/family/public/javascripts/plugins/jquery.togglelist.js


28 Jun 10:52:19 - [32m[nodemon] starting `node server.js`[0m
listening on port 8080
28 Jun 10:53:11 - [nodemon] restarting due to changes...
28 Jun 10:53:11 - [nodemon] /Users/senli/Work/family/public/javascripts/plugins/jquery.togglelist.js


28 Jun 10:53:11 - [32m[nodemon] starting `node server.js`[0m
listening on port 8080
28 Jun 10:54:00 - [nodemon] restarting due to changes...
28 Jun 10:54:00 - [nodemon] /Users/senli/Work/family/public/javascripts/plugins/jquery.togglelist.js


28 Jun 10:54:00 - [32m[nodemon] starting `node server.js`[0m
listening on port 8080
28 Jun 10:54:33 - [nodemon] restarting due to changes...
28 Jun 10:54:33 - [nodemon] /Users/senli/Work/family/public/javascripts/plugins/jquery.togglelist.js


28 Jun 10:54:33 - [32m[nodemon] starting `node server.js`[0m
listening on port 8080
28 Jun 10:56:21 - [nodemon] restarting due to changes...
28 Jun 10:56:21 - [nodemon] /Users/senli/Work/family/public/javascripts/plugins/jquery.togglelist.js


28 Jun 10:56:21 - [32m[nodemon] starting `node server.js`[0m
listening on port 8080
28 Jun 11:28:39 - [nodemon] restarting due to changes...
28 Jun 11:28:39 - [nodemon] /Users/senli/Work/family/public/javascripts/_main.js


28 Jun 11:28:39 - [32m[nodemon] starting `node server.js`[0m
listening on port 8080
28 Jun 11:29:07 - [nodemon] restarting due to changes...
28 Jun 11:29:07 - [nodemon] /Users/senli/Work/family/public/javascripts/_main.js


28 Jun 11:29:07 - [32m[nodemon] starting `node server.js`[0m
listening on port 8080
28 Jun 11:29:25 - [nodemon] restarting due to changes...
28 Jun 11:29:25 - [nodemon] /Users/senli/Work/family/public/javascripts/_main.js


28 Jun 11:29:25 - [32m[nodemon] starting `node server.js`[0m
listening on port 8080
28 Jun 11:32:38 - [nodemon] restarting due to changes...
28 Jun 11:32:38 - [nodemon] /Users/senli/Work/family/public/javascripts/plugins/jquery.togglelist.js


28 Jun 11:32:38 - [32m[nodemon] starting `node server.js`[0m
listening on port 8080
28 Jun 11:33:09 - [nodemon] restarting due to changes...
28 Jun 11:33:09 - [nodemon] /Users/senli/Work/family/public/javascripts/plugins/jquery.togglelist.js


28 Jun 11:33:09 - [32m[nodemon] starting `node server.js`[0m
listening on port 8080
28 Jun 11:33:21 - [nodemon] restarting due to changes...
28 Jun 11:33:21 - [nodemon] /Users/senli/Work/family/public/javascripts/plugins/jquery.togglelist.js


28 Jun 11:33:21 - [32m[nodemon] starting `node server.js`[0m
listening on port 8080
28 Jun 11:35:38 - [nodemon] restarting due to changes...
28 Jun 11:35:38 - [nodemon] /Users/senli/Work/family/public/javascripts/plugins/jquery.togglelist.js


28 Jun 11:35:38 - [32m[nodemon] starting `node server.js`[0m
listening on port 8080
28 Jun 11:35:51 - [nodemon] restarting due to changes...
28 Jun 11:35:51 - [nodemon] /Users/senli/Work/family/public/javascripts/plugins/jquery.togglelist.js


28 Jun 11:35:51 - [32m[nodemon] starting `node server.js`[0m
listening on port 8080
28 Jun 11:37:12 - [nodemon] restarting due to changes...
28 Jun 11:37:12 - [nodemon] /Users/senli/Work/family/public/javascripts/plugins/jquery.togglelist.js


28 Jun 11:37:12 - [32m[nodemon] starting `node server.js`[0m
listening on port 8080
28 Jun 11:37:44 - [nodemon] restarting due to changes...
28 Jun 11:37:44 - [nodemon] /Users/senli/Work/family/public/javascripts/plugins/jquery.togglelist.js


28 Jun 11:37:44 - [32m[nodemon] starting `node server.js`[0m
listening on port 8080
28 Jun 11:40:48 - [nodemon] restarting due to changes...
28 Jun 11:40:48 - [nodemon] /Users/senli/Work/family/public/javascripts/plugins/jquery.togglelist.js


28 Jun 11:40:48 - [32m[nodemon] starting `node server.js`[0m
listening on port 8080
28 Jun 11:43:24 - [nodemon] restarting due to changes...
28 Jun 11:43:24 - [nodemon] /Users/senli/Work/family/public/javascripts/plugins/jquery.togglelist.js


28 Jun 11:43:24 - [32m[nodemon] starting `node server.js`[0m
listening on port 8080
28 Jun 11:45:47 - [nodemon] restarting due to changes...
28 Jun 11:45:47 - [nodemon] /Users/senli/Work/family/public/javascripts/plugins/jquery.togglelist.js


28 Jun 11:45:47 - [32m[nodemon] starting `node server.js`[0m
listening on port 8080
28 Jun 11:46:13 - [nodemon] restarting due to changes...
28 Jun 11:46:13 - [nodemon] /Users/senli/Work/family/public/javascripts/plugins/jquery.togglelist.js


28 Jun 11:46:13 - [32m[nodemon] starting `node server.js`[0m
listening on port 8080
28 Jun 11:46:26 - [nodemon] restarting due to changes...
28 Jun 11:46:26 - [nodemon] /Users/senli/Work/family/public/javascripts/plugins/jquery.togglelist.js


28 Jun 11:46:26 - [32m[nodemon] starting `node server.js`[0m
listening on port 8080
28 Jun 11:48:00 - [nodemon] restarting due to changes...
28 Jun 11:48:00 - [nodemon] /Users/senli/Work/family/public/javascripts/plugins/jquery.togglelist.js


28 Jun 11:48:00 - [32m[nodemon] starting `node server.js`[0m
listening on port 8080
28 Jun 11:48:34 - [nodemon] restarting due to changes...
28 Jun 11:48:34 - [nodemon] /Users/senli/Work/family/public/javascripts/plugins/jquery.togglelist.js


28 Jun 11:48:34 - [32m[nodemon] starting `node server.js`[0m
listening on port 8080
28 Jun 11:50:36 - [nodemon] restarting due to changes...
28 Jun 11:50:36 - [nodemon] /Users/senli/Work/family/public/javascripts/plugins/jquery.togglelist.js


28 Jun 11:50:36 - [32m[nodemon] starting `node server.js`[0m
listening on port 8080
28 Jun 11:51:10 - [nodemon] restarting due to changes...
28 Jun 11:51:10 - [nodemon] /Users/senli/Work/family/public/javascripts/plugins/jquery.togglelist.js


28 Jun 11:51:10 - [32m[nodemon] starting `node server.js`[0m
listening on port 8080
28 Jun 11:52:26 - [nodemon] restarting due to changes...
28 Jun 11:52:26 - [nodemon] /Users/senli/Work/family/public/javascripts/plugins/jquery.togglelist.js


28 Jun 11:52:26 - [32m[nodemon] starting `node server.js`[0m
listening on port 8080
28 Jun 11:52:59 - [nodemon] restarting due to changes...
28 Jun 11:52:59 - [nodemon] /Users/senli/Work/family/public/javascripts/plugins/jquery.togglelist.js


28 Jun 11:52:59 - [32m[nodemon] starting `node server.js`[0m
listening on port 8080
28 Jun 11:53:59 - [nodemon] restarting due to changes...
28 Jun 11:53:59 - [nodemon] /Users/senli/Work/family/public/javascripts/plugins/jquery.togglelist.js


28 Jun 11:53:59 - [32m[nodemon] starting `node server.js`[0m
listening on port 8080
28 Jun 11:54:17 - [nodemon] restarting due to changes...
28 Jun 11:54:17 - [nodemon] /Users/senli/Work/family/public/javascripts/plugins/jquery.togglelist.js


28 Jun 11:54:17 - [32m[nodemon] starting `node server.js`[0m
listening on port 8080
28 Jun 11:55:00 - [nodemon] restarting due to changes...
28 Jun 11:55:00 - [nodemon] /Users/senli/Work/family/public/javascripts/plugins/jquery.togglelist.js


28 Jun 11:55:00 - [32m[nodemon] starting `node server.js`[0m
listening on port 8080
28 Jun 11:55:18 - [nodemon] restarting due to changes...
28 Jun 11:55:18 - [nodemon] /Users/senli/Work/family/public/javascripts/plugins/jquery.togglelist.js


28 Jun 11:55:18 - [32m[nodemon] starting `node server.js`[0m
listening on port 8080
28 Jun 11:57:46 - [nodemon] restarting due to changes...
28 Jun 11:57:46 - [nodemon] /Users/senli/Work/family/public/javascripts/plugins/jquery.togglelist.js


28 Jun 11:57:46 - [32m[nodemon] starting `node server.js`[0m
listening on port 8080
28 Jun 11:58:09 - [nodemon] restarting due to changes...
28 Jun 11:58:09 - [nodemon] /Users/senli/Work/family/public/javascripts/plugins/jquery.togglelist.js


28 Jun 11:58:09 - [32m[nodemon] starting `node server.js`[0m
listening on port 8080
28 Jun 11:58:50 - [nodemon] restarting due to changes...
28 Jun 11:58:50 - [nodemon] /Users/senli/Work/family/public/javascripts/plugins/jquery.togglelist.js


28 Jun 11:58:50 - [32m[nodemon] starting `node server.js`[0m
listening on port 8080
28 Jun 11:59:45 - [nodemon] restarting due to changes...
28 Jun 11:59:45 - [nodemon] /Users/senli/Work/family/public/javascripts/plugins/jquery.togglelist.js


28 Jun 11:59:45 - [32m[nodemon] starting `node server.js`[0m
listening on port 8080
28 Jun 12:00:48 - [nodemon] restarting due to changes...
28 Jun 12:00:48 - [nodemon] /Users/senli/Work/family/public/javascripts/plugins/jquery.togglelist.js


28 Jun 12:00:48 - [32m[nodemon] starting `node server.js`[0m
listening on port 8080
28 Jun 12:03:21 - [nodemon] restarting due to changes...
28 Jun 12:03:21 - [nodemon] /Users/senli/Work/family/public/javascripts/plugins/jquery.togglelist.js


28 Jun 12:03:21 - [32m[nodemon] starting `node server.js`[0m
listening on port 8080
28 Jun 12:03:48 - [nodemon] restarting due to changes...
28 Jun 12:03:48 - [nodemon] /Users/senli/Work/family/public/javascripts/plugins/jquery.togglelist.js


28 Jun 12:03:48 - [32m[nodemon] starting `node server.js`[0m
listening on port 8080
28 Jun 12:09:45 - [nodemon] restarting due to changes...
28 Jun 12:09:45 - [nodemon] /Users/senli/Work/family/public/javascripts/plugins/jquery.togglelist.js


28 Jun 12:09:45 - [32m[nodemon] starting `node server.js`[0m
listening on port 8080
28 Jun 12:10:25 - [nodemon] restarting due to changes...
28 Jun 12:10:25 - [nodemon] /Users/senli/Work/family/public/javascripts/plugins/jquery.togglelist.js


28 Jun 12:10:25 - [32m[nodemon] starting `node server.js`[0m
listening on port 8080
28 Jun 12:11:19 - [nodemon] restarting due to changes...
28 Jun 12:11:19 - [nodemon] /Users/senli/Work/family/public/javascripts/plugins/jquery.togglelist.js


28 Jun 12:11:19 - [32m[nodemon] starting `node server.js`[0m
listening on port 8080
28 Jun 12:14:02 - [nodemon] restarting due to changes...
28 Jun 12:14:02 - [nodemon] /Users/senli/Work/family/public/javascripts/_main.js


28 Jun 12:14:02 - [32m[nodemon] starting `node server.js`[0m
listening on port 8080
28 Jun 12:14:36 - [nodemon] restarting due to changes...
28 Jun 12:14:36 - [nodemon] /Users/senli/Work/family/public/javascripts/_main.js


28 Jun 12:14:36 - [32m[nodemon] starting `node server.js`[0m
listening on port 8080
28 Jun 12:52:29 - [nodemon] restarting due to changes...
28 Jun 12:52:29 - [nodemon] /Users/senli/Work/family/public/javascripts/_main.js


28 Jun 12:52:29 - [32m[nodemon] starting `node server.js`[0m
listening on port 8080
28 Jun 15:43:57 - [nodemon] restarting due to changes...
28 Jun 15:43:57 - [nodemon] /Users/senli/Work/family/public/javascripts/plugins/jquery.togglelist.js


28 Jun 15:43:57 - [32m[nodemon] starting `node server.js`[0m
listening on port 8080
28 Jun 15:44:39 - [nodemon] restarting due to changes...
28 Jun 15:44:39 - [nodemon] /Users/senli/Work/family/public/javascripts/plugins/jquery.togglelist.js


28 Jun 15:44:39 - [32m[nodemon] starting `node server.js`[0m
listening on port 8080
28 Jun 15:44:58 - [nodemon] restarting due to changes...
28 Jun 15:44:58 - [nodemon] /Users/senli/Work/family/public/javascripts/plugins/jquery.togglelist.js


28 Jun 15:44:58 - [32m[nodemon] starting `node server.js`[0m
listening on port 8080
28 Jun 15:45:24 - [nodemon] exiting
28 Jun 15:45:48 - [nodemon] v0.7.2
28 Jun 15:45:48 - [32m[nodemon] watching: /Users/senli/Work/family[0m
28 Jun 15:45:48 - [32m[nodemon] starting `node server.js`[0m
listening on port 8080
28 Jun 15:46:31 - [nodemon] restarting due to changes...
28 Jun 15:46:31 - [nodemon] /Users/senli/Work/family/public/javascripts/plugins/jquery.togglelist.js


28 Jun 15:46:31 - [32m[nodemon] starting `node server.js`[0m
listening on port 8080
28 Jun 15:47:12 - [nodemon] restarting due to changes...
28 Jun 15:47:12 - [nodemon] /Users/senli/Work/family/public/javascripts/plugins/jquery.togglelist.js


28 Jun 15:47:12 - [32m[nodemon] starting `node server.js`[0m
listening on port 8080
28 Jun 15:47:40 - [nodemon] restarting due to changes...
28 Jun 15:47:40 - [nodemon] /Users/senli/Work/family/public/javascripts/plugins/jquery.togglelist.js


28 Jun 15:47:40 - [32m[nodemon] starting `node server.js`[0m
listening on port 8080
28 Jun 15:47:51 - [nodemon] restarting due to changes...
28 Jun 15:47:51 - [nodemon] /Users/senli/Work/family/public/javascripts/plugins/jquery.togglelist.js


28 Jun 15:47:51 - [32m[nodemon] starting `node server.js`[0m
listening on port 8080
28 Jun 15:48:14 - [nodemon] restarting due to changes...
28 Jun 15:48:14 - [nodemon] /Users/senli/Work/family/public/javascripts/plugins/jquery.togglelist.js


28 Jun 15:48:14 - [32m[nodemon] starting `node server.js`[0m
listening on port 8080
28 Jun 15:49:24 - [nodemon] restarting due to changes...
28 Jun 15:49:24 - [nodemon] /Users/senli/Work/family/public/javascripts/plugins/jquery.togglelist.js


28 Jun 15:49:24 - [32m[nodemon] starting `node server.js`[0m
listening on port 8080
28 Jun 15:49:53 - [nodemon] restarting due to changes...
28 Jun 15:49:53 - [nodemon] /Users/senli/Work/family/public/javascripts/plugins/jquery.togglelist.js


28 Jun 15:49:53 - [32m[nodemon] starting `node server.js`[0m
listening on port 8080
28 Jun 15:50:23 - [nodemon] restarting due to changes...
28 Jun 15:50:23 - [nodemon] /Users/senli/Work/family/public/javascripts/plugins/jquery.togglelist.js


28 Jun 15:50:23 - [32m[nodemon] starting `node server.js`[0m
listening on port 8080
28 Jun 15:52:05 - [nodemon] restarting due to changes...
28 Jun 15:52:05 - [nodemon] /Users/senli/Work/family/public/javascripts/plugins/jquery.togglelist.js


28 Jun 15:52:05 - [32m[nodemon] starting `node server.js`[0m
listening on port 8080
28 Jun 15:53:24 - [nodemon] restarting due to changes...
28 Jun 15:53:24 - [nodemon] /Users/senli/Work/family/public/javascripts/plugins/jquery.togglelist.js


28 Jun 15:53:24 - [32m[nodemon] starting `node server.js`[0m
listening on port 8080
28 Jun 15:53:57 - [nodemon] restarting due to changes...
28 Jun 15:53:57 - [nodemon] /Users/senli/Work/family/public/javascripts/plugins/jquery.togglelist.js


28 Jun 15:53:57 - [32m[nodemon] starting `node server.js`[0m
listening on port 8080
28 Jun 15:55:25 - [nodemon] restarting due to changes...
28 Jun 15:55:25 - [nodemon] /Users/senli/Work/family/public/javascripts/plugins/jquery.togglelist.js


28 Jun 15:55:25 - [32m[nodemon] starting `node server.js`[0m
listening on port 8080
28 Jun 15:56:39 - [nodemon] restarting due to changes...
28 Jun 15:56:39 - [nodemon] /Users/senli/Work/family/public/javascripts/plugins/jquery.togglelist.js


28 Jun 15:56:39 - [32m[nodemon] starting `node server.js`[0m
listening on port 8080
28 Jun 15:58:12 - [nodemon] restarting due to changes...
28 Jun 15:58:12 - [nodemon] /Users/senli/Work/family/public/javascripts/plugins/jquery.togglelist.js


28 Jun 15:58:12 - [32m[nodemon] starting `node server.js`[0m
listening on port 8080
28 Jun 15:58:59 - [nodemon] restarting due to changes...
28 Jun 15:58:59 - [nodemon] /Users/senli/Work/family/public/javascripts/plugins/jquery.togglelist.js


28 Jun 15:58:59 - [32m[nodemon] starting `node server.js`[0m
listening on port 8080
28 Jun 16:00:20 - [nodemon] restarting due to changes...
28 Jun 16:00:20 - [nodemon] /Users/senli/Work/family/public/javascripts/plugins/jquery.togglelist.js


28 Jun 16:00:20 - [32m[nodemon] starting `node server.js`[0m
listening on port 8080
28 Jun 16:01:00 - [nodemon] restarting due to changes...
28 Jun 16:01:00 - [nodemon] /Users/senli/Work/family/public/javascripts/plugins/jquery.togglelist.js


28 Jun 16:01:00 - [32m[nodemon] starting `node server.js`[0m
listening on port 8080
28 Jun 16:01:47 - [nodemon] restarting due to changes...
28 Jun 16:01:47 - [nodemon] /Users/senli/Work/family/public/javascripts/plugins/jquery.togglelist.js


28 Jun 16:01:47 - [32m[nodemon] starting `node server.js`[0m
listening on port 8080
28 Jun 16:02:48 - [nodemon] restarting due to changes...
28 Jun 16:02:48 - [nodemon] /Users/senli/Work/family/public/javascripts/plugins/jquery.togglelist.js


28 Jun 16:02:48 - [32m[nodemon] starting `node server.js`[0m
listening on port 8080
28 Jun 16:02:55 - [nodemon] restarting due to changes...
28 Jun 16:02:55 - [nodemon] /Users/senli/Work/family/public/javascripts/plugins/jquery.togglelist.js


28 Jun 16:02:55 - [32m[nodemon] starting `node server.js`[0m
listening on port 8080
28 Jun 16:03:17 - [nodemon] restarting due to changes...
28 Jun 16:03:17 - [nodemon] /Users/senli/Work/family/public/javascripts/plugins/jquery.togglelist.js


28 Jun 16:03:17 - [32m[nodemon] starting `node server.js`[0m
listening on port 8080
28 Jun 16:32:25 - [nodemon] restarting due to changes...
28 Jun 16:32:25 - [nodemon] /Users/senli/Work/family/public/javascripts/plugins/jquery.pagination.js


28 Jun 16:32:25 - [32m[nodemon] starting `node server.js`[0m
listening on port 8080
28 Jun 16:34:03 - [nodemon] restarting due to changes...
28 Jun 16:34:03 - [nodemon] /Users/senli/Work/family/public/javascripts/plugins/jquery.togglelist.js


28 Jun 16:34:03 - [32m[nodemon] starting `node server.js`[0m
listening on port 8080
28 Jun 16:34:55 - [nodemon] restarting due to changes...
28 Jun 16:34:55 - [nodemon] /Users/senli/Work/family/public/javascripts/plugins/jquery.togglelist.js


28 Jun 16:34:55 - [32m[nodemon] starting `node server.js`[0m
listening on port 8080
28 Jun 16:37:01 - [nodemon] restarting due to changes...
28 Jun 16:37:01 - [nodemon] /Users/senli/Work/family/public/javascripts/plugins/jquery.togglelist.js


28 Jun 16:37:01 - [32m[nodemon] starting `node server.js`[0m
listening on port 8080
28 Jun 16:37:54 - [nodemon] restarting due to changes...
28 Jun 16:37:54 - [nodemon] /Users/senli/Work/family/public/javascripts/plugins/jquery.togglelist.js


28 Jun 16:37:54 - [32m[nodemon] starting `node server.js`[0m
listening on port 8080
28 Jun 16:39:29 - [nodemon] restarting due to changes...
28 Jun 16:39:29 - [nodemon] /Users/senli/Work/family/public/javascripts/plugins/jquery.togglelist.js


28 Jun 16:39:29 - [32m[nodemon] starting `node server.js`[0m
listening on port 8080
28 Jun 16:40:07 - [nodemon] restarting due to changes...
28 Jun 16:40:07 - [nodemon] /Users/senli/Work/family/public/javascripts/plugins/jquery.togglelist.js


28 Jun 16:40:07 - [32m[nodemon] starting `node server.js`[0m
listening on port 8080
28 Jun 16:40:10 - [nodemon] restarting due to changes...
28 Jun 16:40:10 - [nodemon] /Users/senli/Work/family/public/javascripts/plugins/jquery.togglelist.js


28 Jun 16:40:10 - [32m[nodemon] starting `node server.js`[0m
listening on port 8080
28 Jun 16:43:37 - [nodemon] restarting due to changes...
28 Jun 16:43:37 - [nodemon] /Users/senli/Work/family/public/javascripts/plugins/jquery.togglelist.js


28 Jun 16:43:37 - [32m[nodemon] starting `node server.js`[0m
listening on port 8080
28 Jun 16:45:43 - [nodemon] restarting due to changes...
28 Jun 16:45:43 - [nodemon] /Users/senli/Work/family/public/javascripts/plugins/jquery.togglelist.js


28 Jun 16:45:43 - [32m[nodemon] starting `node server.js`[0m
listening on port 8080
28 Jun 16:46:34 - [nodemon] restarting due to changes...
28 Jun 16:46:34 - [nodemon] /Users/senli/Work/family/public/javascripts/plugins/jquery.togglelist.js


28 Jun 16:46:34 - [32m[nodemon] starting `node server.js`[0m
listening on port 8080
28 Jun 17:02:35 - [nodemon] restarting due to changes...
28 Jun 17:02:35 - [nodemon] /Users/senli/Work/family/public/javascripts/plugins/jquery.togglelist.js


28 Jun 17:02:35 - [32m[nodemon] starting `node server.js`[0m
listening on port 8080
28 Jun 17:04:32 - [nodemon] restarting due to changes...
28 Jun 17:04:32 - [nodemon] /Users/senli/Work/family/public/javascripts/plugins/jquery.togglelist.js


28 Jun 17:04:32 - [32m[nodemon] starting `node server.js`[0m
listening on port 8080
28 Jun 17:04:36 - [nodemon] restarting due to changes...
28 Jun 17:04:36 - [nodemon] /Users/senli/Work/family/public/javascripts/plugins/jquery.togglelist.js


28 Jun 17:04:36 - [32m[nodemon] starting `node server.js`[0m
listening on port 8080
28 Jun 17:05:27 - [nodemon] restarting due to changes...
28 Jun 17:05:27 - [nodemon] /Users/senli/Work/family/public/javascripts/plugins/jquery.togglelist.js


28 Jun 17:05:27 - [32m[nodemon] starting `node server.js`[0m
listening on port 8080
28 Jun 17:08:53 - [nodemon] restarting due to changes...
28 Jun 17:08:53 - [nodemon] /Users/senli/Work/family/public/javascripts/plugins/jquery.togglelist.js


28 Jun 17:08:53 - [32m[nodemon] starting `node server.js`[0m
listening on port 8080
28 Jun 17:09:11 - [nodemon] restarting due to changes...
28 Jun 17:09:11 - [nodemon] /Users/senli/Work/family/public/javascripts/plugins/jquery.togglelist.js


28 Jun 17:09:11 - [32m[nodemon] starting `node server.js`[0m
listening on port 8080
28 Jun 17:09:35 - [nodemon] restarting due to changes...
28 Jun 17:09:35 - [nodemon] /Users/senli/Work/family/public/javascripts/plugins/jquery.togglelist.js


28 Jun 17:09:35 - [32m[nodemon] starting `node server.js`[0m
listening on port 8080
28 Jun 17:10:04 - [nodemon] restarting due to changes...
28 Jun 17:10:04 - [nodemon] /Users/senli/Work/family/public/javascripts/plugins/jquery.togglelist.js


28 Jun 17:10:04 - [32m[nodemon] starting `node server.js`[0m
listening on port 8080
28 Jun 17:11:46 - [nodemon] restarting due to changes...
28 Jun 17:11:46 - [nodemon] /Users/senli/Work/family/public/javascripts/plugins/jquery.togglelist.js


28 Jun 17:11:46 - [32m[nodemon] starting `node server.js`[0m
listening on port 8080
28 Jun 17:25:35 - [nodemon] restarting due to changes...
28 Jun 17:25:35 - [nodemon] /Users/senli/Work/family/public/javascripts/plugins/jquery.togglelist.js


28 Jun 17:25:35 - [32m[nodemon] starting `node server.js`[0m
listening on port 8080
28 Jun 17:29:07 - [nodemon] restarting due to changes...
28 Jun 17:29:07 - [nodemon] /Users/senli/Work/family/public/javascripts/plugins/jquery.togglelist.js


28 Jun 17:29:07 - [32m[nodemon] starting `node server.js`[0m
listening on port 8080
28 Jun 17:32:08 - [nodemon] restarting due to changes...
28 Jun 17:32:08 - [nodemon] /Users/senli/Work/family/public/javascripts/plugins/jquery.togglelist.js


28 Jun 17:32:08 - [32m[nodemon] starting `node server.js`[0m
listening on port 8080
28 Jun 17:34:11 - [nodemon] restarting due to changes...
28 Jun 17:34:11 - [nodemon] /Users/senli/Work/family/public/javascripts/plugins/jquery.togglelist.js


28 Jun 17:34:11 - [32m[nodemon] starting `node server.js`[0m
listening on port 8080
28 Jun 17:37:38 - [nodemon] restarting due to changes...
28 Jun 17:37:38 - [nodemon] /Users/senli/Work/family/public/javascripts/plugins/jquery.togglelist.js


28 Jun 17:37:38 - [32m[nodemon] starting `node server.js`[0m
listening on port 8080
28 Jun 17:40:27 - [nodemon] restarting due to changes...
28 Jun 17:40:27 - [nodemon] /Users/senli/Work/family/public/javascripts/plugins/jquery.togglelist.js


28 Jun 17:40:27 - [32m[nodemon] starting `node server.js`[0m
listening on port 8080
28 Jun 17:42:10 - [nodemon] restarting due to changes...
28 Jun 17:42:10 - [nodemon] /Users/senli/Work/family/public/javascripts/plugins/jquery.togglelist.js


28 Jun 17:42:10 - [32m[nodemon] starting `node server.js`[0m
listening on port 8080
28 Jun 17:43:51 - [nodemon] restarting due to changes...
28 Jun 17:43:51 - [nodemon] /Users/senli/Work/family/public/javascripts/plugins/jquery.togglelist.js


28 Jun 17:43:51 - [32m[nodemon] starting `node server.js`[0m
listening on port 8080
28 Jun 17:51:19 - [nodemon] restarting due to changes...
28 Jun 17:51:19 - [nodemon] /Users/senli/Work/family/public/javascripts/plugins/jquery.togglelist.js


28 Jun 17:51:19 - [32m[nodemon] starting `node server.js`[0m
listening on port 8080
28 Jun 17:51:33 - [nodemon] restarting due to changes...
28 Jun 17:51:33 - [nodemon] /Users/senli/Work/family/public/javascripts/plugins/jquery.togglelist.js


28 Jun 17:51:33 - [32m[nodemon] starting `node server.js`[0m
listening on port 8080
28 Jun 17:52:04 - [nodemon] restarting due to changes...
28 Jun 17:52:04 - [nodemon] /Users/senli/Work/family/public/javascripts/plugins/jquery.togglelist.js


28 Jun 17:52:04 - [32m[nodemon] starting `node server.js`[0m
listening on port 8080
